================================================================================
测试时间: 2026-02-05 20:28:02
函数名: compute_ce_dpo_loss_rm
测试文件: test_code/test_ce_dpo_loss.py
测试框架: unittest
返回码: 1
================================================================================

【STDOUT】
--------------------------------------------------------------------------------
(无输出)

【STDERR】
--------------------------------------------------------------------------------
EEFFEFEFF
======================================================================
ERROR: test_batch_consistency (__main__.TestCEDPOLoss.test_batch_consistency)
Test batch processing consistency
----------------------------------------------------------------------
Traceback (most recent call last):
  File "/Users/paulwu/Desktop/KOCO-bench/KOCO-bench-en/domain_code_generation/verl/test_examples/prime/code/test_code/test_ce_dpo_loss.py", line 196, in test_batch_consistency
    self.assertAlmostEqual(single_loss.item(), batch_loss.item(), places=30)
                           ^^^^^^^^^^^^^^^^
AttributeError: 'NoneType' object has no attribute 'item'

======================================================================
ERROR: test_beta_scaling_input_output_samples (__main__.TestCEDPOLoss.test_beta_scaling_input_output_samples)
Test specific input-output examples for beta parameter scaling
----------------------------------------------------------------------
Traceback (most recent call last):
  File "/Users/paulwu/Desktop/KOCO-bench/KOCO-bench-en/domain_code_generation/verl/test_examples/prime/code/test_code/test_ce_dpo_loss.py", line 287, in test_beta_scaling_input_output_samples
    self.assertAlmostEqual(result_small.item(), expected_loss_small.item(), places=30)
                           ^^^^^^^^^^^^^^^^^
AttributeError: 'NoneType' object has no attribute 'item'

======================================================================
ERROR: test_different_beta_values (__main__.TestCEDPOLoss.test_different_beta_values)
Test the impact of different beta parameter values
----------------------------------------------------------------------
Traceback (most recent call last):
  File "/Users/paulwu/Desktop/KOCO-bench/KOCO-bench-en/domain_code_generation/verl/test_examples/prime/code/test_code/test_ce_dpo_loss.py", line 101, in test_different_beta_values
    losses.append(loss.item())
                  ^^^^^^^^^
AttributeError: 'NoneType' object has no attribute 'item'

======================================================================
ERROR: test_input_output_samples (__main__.TestCEDPOLoss.test_input_output_samples)
Test specific input-output examples
----------------------------------------------------------------------
Traceback (most recent call last):
  File "/Users/paulwu/Desktop/KOCO-bench/KOCO-bench-en/domain_code_generation/verl/test_examples/prime/code/test_code/test_ce_dpo_loss.py", line 214, in test_input_output_samples
    self.assertAlmostEqual(result.item(), expected_loss.item(), places=30)
                           ^^^^^^^^^^^
AttributeError: 'NoneType' object has no attribute 'item'

======================================================================
FAIL: test_ce_dpo_loss_mathematical_properties (__main__.TestCEDPOLoss.test_ce_dpo_loss_mathematical_properties)
Test mathematical properties and computational correctness of CE DPO loss
----------------------------------------------------------------------
Traceback (most recent call last):
  File "/Users/paulwu/Desktop/KOCO-bench/KOCO-bench-en/domain_code_generation/verl/test_examples/prime/code/test_code/test_ce_dpo_loss.py", line 84, in test_ce_dpo_loss_mathematical_properties
    torch.testing.assert_close(loss, expected_loss, atol=1e-30, rtol=1e-30)
  File "/Users/paulwu/Desktop/KOCO-bench/KOCO-bench-en/domain_code_generation/venv_verl/lib/python3.11/site-packages/torch/testing/_comparison.py", line 1600, in assert_close
    raise error_metas[0].to_error(msg)
AssertionError: None mismatch: None is not 0.04858734831213951

======================================================================
FAIL: test_compute_ce_dpo_loss_rm_basic (__main__.TestCEDPOLoss.test_compute_ce_dpo_loss_rm_basic)
Test basic functionality of Cross-Entropy DPO loss calculation
----------------------------------------------------------------------
Traceback (most recent call last):
  File "/Users/paulwu/Desktop/KOCO-bench/KOCO-bench-en/domain_code_generation/verl/test_examples/prime/code/test_code/test_ce_dpo_loss.py", line 62, in test_compute_ce_dpo_loss_rm_basic
    torch.testing.assert_close(loss, expected_loss, atol=1e-30, rtol=1e-30)
  File "/Users/paulwu/Desktop/KOCO-bench/KOCO-bench-en/domain_code_generation/venv_verl/lib/python3.11/site-packages/torch/testing/_comparison.py", line 1600, in assert_close
    raise error_metas[0].to_error(msg)
AssertionError: None mismatch: None is not 0.6844281554222107

======================================================================
FAIL: test_edge_cases (__main__.TestCEDPOLoss.test_edge_cases)
Test edge cases
----------------------------------------------------------------------
Traceback (most recent call last):
  File "/Users/paulwu/Desktop/KOCO-bench/KOCO-bench-en/domain_code_generation/verl/test_examples/prime/code/test_code/test_ce_dpo_loss.py", line 163, in test_edge_cases
    torch.testing.assert_close(loss, expected_loss, atol=1e-30, rtol=1e-30)
  File "/Users/paulwu/Desktop/KOCO-bench/KOCO-bench-en/domain_code_generation/venv_verl/lib/python3.11/site-packages/torch/testing/_comparison.py", line 1600, in assert_close
    raise error_metas[0].to_error(msg)
AssertionError: None mismatch: None is not 4.6788117949230976e-14

======================================================================
FAIL: test_perfect_prediction_cases (__main__.TestCEDPOLoss.test_perfect_prediction_cases)
Test input-output examples for perfect prediction cases
----------------------------------------------------------------------
Traceback (most recent call last):
  File "/Users/paulwu/Desktop/KOCO-bench/KOCO-bench-en/domain_code_generation/verl/test_examples/prime/code/test_code/test_ce_dpo_loss.py", line 320, in test_perfect_prediction_cases
    torch.testing.assert_close(result, expected_result, atol=1e-30, rtol=1e-30)
  File "/Users/paulwu/Desktop/KOCO-bench/KOCO-bench-en/domain_code_generation/venv_verl/lib/python3.11/site-packages/torch/testing/_comparison.py", line 1600, in assert_close
    raise error_metas[0].to_error(msg)
AssertionError: None mismatch: None is not 0.2014133185148239

======================================================================
FAIL: test_response_mask_effect (__main__.TestCEDPOLoss.test_response_mask_effect)
Test the effect of response_mask on loss calculation
----------------------------------------------------------------------
Traceback (most recent call last):
  File "/Users/paulwu/Desktop/KOCO-bench/KOCO-bench-en/domain_code_generation/verl/test_examples/prime/code/test_code/test_ce_dpo_loss.py", line 135, in test_response_mask_effect
    torch.testing.assert_close(loss_full, expected_loss_full, atol=1e-30, rtol=1e-30)
  File "/Users/paulwu/Desktop/KOCO-bench/KOCO-bench-en/domain_code_generation/venv_verl/lib/python3.11/site-packages/torch/testing/_comparison.py", line 1600, in assert_close
    raise error_metas[0].to_error(msg)
AssertionError: None mismatch: None is not 0.7130152583122253

----------------------------------------------------------------------
Ran 9 tests in 0.005s

FAILED (failures=5, errors=4)

================================================================================
日志结束
