================================================================================
测试时间: 2026-02-05 20:18:09
函数名: apply_kl_penalty
测试文件: test_code/test_apply_kl_penalty.py
测试框架: unittest
返回码: 1
================================================================================

【STDOUT】
--------------------------------------------------------------------------------
(无输出)

【STDERR】
--------------------------------------------------------------------------------
Traceback (most recent call last):
  File "/Users/paulwu/Desktop/KOCO-bench/KOCO-bench-en/domain_code_generation/verl/test_examples/ARES/code/test_code/test_apply_kl_penalty.py", line 11, in <module>
    from verl.trainer.ray_trainer import apply_kl_penalty
  File "/Users/paulwu/Desktop/KOCO-bench/KOCO-bench-en/domain_code_generation/verl/test_examples/ARES/code/test_code/../verl/trainer/ray_trainer.py", line 133
    target_kl = .  # Example target KL
                ^
SyntaxError: invalid syntax

================================================================================
日志结束
