================================================================================
测试时间: 2026-02-05 20:03:26
函数名: DAPORewardManager.__call__
测试文件: test_code/test_dapo_reward_manager.py
测试框架: unittest
返回码: 1
================================================================================

【STDOUT】
--------------------------------------------------------------------------------
(无输出)

【STDERR】
--------------------------------------------------------------------------------
EEEEEEEEE
======================================================================
ERROR: test_dapo_reward_manager_basic (__main__.TestDAPORewardManager.test_dapo_reward_manager_basic)
Test basic functionality
----------------------------------------------------------------------
Traceback (most recent call last):
  File "/Users/paulwu/Desktop/KOCO-bench/KOCO-bench-en/domain_code_generation/verl/test_examples/DAPO/code/test_code/test_dapo_reward_manager.py", line 67, in test_dapo_reward_manager_basic
    reward_manager = DAPORewardManager(
                     ^^^^^^^^^^^^^^^^^^
TypeError: Can't instantiate abstract class DAPORewardManager with abstract method __call__

======================================================================
ERROR: test_dapo_reward_manager_different_data_sources (__main__.TestDAPORewardManager.test_dapo_reward_manager_different_data_sources)
Test different data sources
----------------------------------------------------------------------
Traceback (most recent call last):
  File "/Users/paulwu/Desktop/KOCO-bench/KOCO-bench-en/domain_code_generation/verl/test_examples/DAPO/code/test_code/test_dapo_reward_manager.py", line 511, in test_dapo_reward_manager_different_data_sources
    reward_manager = DAPORewardManager(
                     ^^^^^^^^^^^^^^^^^^
TypeError: Can't instantiate abstract class DAPORewardManager with abstract method __call__

======================================================================
ERROR: test_dapo_reward_manager_overlong_penalty_disabled (__main__.TestDAPORewardManager.test_dapo_reward_manager_overlong_penalty_disabled)
Test when overlong penalty is disabled
----------------------------------------------------------------------
Traceback (most recent call last):
  File "/Users/paulwu/Desktop/KOCO-bench/KOCO-bench-en/domain_code_generation/verl/test_examples/DAPO/code/test_code/test_dapo_reward_manager.py", line 188, in test_dapo_reward_manager_overlong_penalty_disabled
    reward_manager = DAPORewardManager(
                     ^^^^^^^^^^^^^^^^^^
TypeError: Can't instantiate abstract class DAPORewardManager with abstract method __call__

======================================================================
ERROR: test_dapo_reward_manager_overlong_penalty_enabled_full_exceed (__main__.TestDAPORewardManager.test_dapo_reward_manager_overlong_penalty_enabled_full_exceed)
Test when overlong penalty is enabled and fully exceeds buffer
----------------------------------------------------------------------
Traceback (most recent call last):
  File "/Users/paulwu/Desktop/KOCO-bench/KOCO-bench-en/domain_code_generation/verl/test_examples/DAPO/code/test_code/test_dapo_reward_manager.py", line 348, in test_dapo_reward_manager_overlong_penalty_enabled_full_exceed
    reward_manager = DAPORewardManager(
                     ^^^^^^^^^^^^^^^^^^
TypeError: Can't instantiate abstract class DAPORewardManager with abstract method __call__

======================================================================
ERROR: test_dapo_reward_manager_overlong_penalty_enabled_no_exceed (__main__.TestDAPORewardManager.test_dapo_reward_manager_overlong_penalty_enabled_no_exceed)
Test when overlong penalty is enabled but expected_len is not exceeded
----------------------------------------------------------------------
Traceback (most recent call last):
  File "/Users/paulwu/Desktop/KOCO-bench/KOCO-bench-en/domain_code_generation/verl/test_examples/DAPO/code/test_code/test_dapo_reward_manager.py", line 236, in test_dapo_reward_manager_overlong_penalty_enabled_no_exceed
    reward_manager = DAPORewardManager(
                     ^^^^^^^^^^^^^^^^^^
TypeError: Can't instantiate abstract class DAPORewardManager with abstract method __call__

======================================================================
ERROR: test_dapo_reward_manager_overlong_penalty_enabled_partial_exceed (__main__.TestDAPORewardManager.test_dapo_reward_manager_overlong_penalty_enabled_partial_exceed)
Test when overlong penalty is enabled and partially exceeds expected_len
----------------------------------------------------------------------
Traceback (most recent call last):
  File "/Users/paulwu/Desktop/KOCO-bench/KOCO-bench-en/domain_code_generation/verl/test_examples/DAPO/code/test_code/test_dapo_reward_manager.py", line 288, in test_dapo_reward_manager_overlong_penalty_enabled_partial_exceed
    reward_manager = DAPORewardManager(
                     ^^^^^^^^^^^^^^^^^^
TypeError: Can't instantiate abstract class DAPORewardManager with abstract method __call__

======================================================================
ERROR: test_dapo_reward_manager_overlong_penalty_with_log (__main__.TestDAPORewardManager.test_dapo_reward_manager_overlong_penalty_with_log)
Test when overlong logging is enabled
----------------------------------------------------------------------
Traceback (most recent call last):
  File "/Users/paulwu/Desktop/KOCO-bench/KOCO-bench-en/domain_code_generation/verl/test_examples/DAPO/code/test_code/test_dapo_reward_manager.py", line 404, in test_dapo_reward_manager_overlong_penalty_with_log
    reward_manager = DAPORewardManager(
                     ^^^^^^^^^^^^^^^^^^
TypeError: Can't instantiate abstract class DAPORewardManager with abstract method __call__

======================================================================
ERROR: test_dapo_reward_manager_return_dict (__main__.TestDAPORewardManager.test_dapo_reward_manager_return_dict)
Test output when return_dict=True
----------------------------------------------------------------------
Traceback (most recent call last):
  File "/Users/paulwu/Desktop/KOCO-bench/KOCO-bench-en/domain_code_generation/verl/test_examples/DAPO/code/test_code/test_dapo_reward_manager.py", line 131, in test_dapo_reward_manager_return_dict
    reward_manager = DAPORewardManager(
                     ^^^^^^^^^^^^^^^^^^
TypeError: Can't instantiate abstract class DAPORewardManager with abstract method __call__

======================================================================
ERROR: test_dapo_reward_manager_zero_score (__main__.TestDAPORewardManager.test_dapo_reward_manager_zero_score)
Test case with incorrect answer (score=0)
----------------------------------------------------------------------
Traceback (most recent call last):
  File "/Users/paulwu/Desktop/KOCO-bench/KOCO-bench-en/domain_code_generation/verl/test_examples/DAPO/code/test_code/test_dapo_reward_manager.py", line 474, in test_dapo_reward_manager_zero_score
    reward_manager = DAPORewardManager(
                     ^^^^^^^^^^^^^^^^^^
TypeError: Can't instantiate abstract class DAPORewardManager with abstract method __call__

----------------------------------------------------------------------
Ran 9 tests in 0.007s

FAILED (errors=9)

================================================================================
日志结束
