================================================================================
测试时间: 2026-02-05 17:10:23
函数名: normalize_code
测试文件: test_code/test_normalize_code.py
测试框架: unittest
返回码: 1
================================================================================

【STDOUT】
--------------------------------------------------------------------------------
(无输出)

【STDERR】
--------------------------------------------------------------------------------
Traceback (most recent call last):
  File "/Users/paulwu/Desktop/KOCO-bench/KOCO-bench-en/domain_code_generation/verl/test_examples/critic-rl/code/test_code/test_normalize_code.py", line 18, in <module>
    from ctrl.rl.critic_rm import normalize_code, sanitize, desanitize, RewardModelForCritic
  File "/Users/paulwu/Desktop/KOCO-bench/KOCO-bench-en/domain_code_generation/verl/test_examples/critic-rl/code/test_code/../ctrl/rl/critic_rm.py", line 56
    var_map =    next_var_index = 
                                  ^
SyntaxError: invalid syntax

================================================================================
日志结束
