================================================================================
测试时间: 2026-02-05 20:18:39
函数名: ProcessRewardModelWorker._forward_micro_batch
测试文件: test_code/test_forward_micro_batch.py
测试框架: unittest
返回码: 1
================================================================================

【STDOUT】
--------------------------------------------------------------------------------
(无输出)

【STDERR】
--------------------------------------------------------------------------------
Traceback (most recent call last):
  File "/Users/paulwu/Desktop/KOCO-bench/KOCO-bench-en/domain_code_generation/verl/test_examples/PURE/code/test_code/test_forward_micro_batch.py", line 12, in <module>
    from verl.workers.fsdp_workers import ProcessRewardModelWorker
  File "/Users/paulwu/Desktop/KOCO-bench/KOCO-bench-en/domain_code_generation/verl/test_examples/PURE/code/test_code/../verl/workers/fsdp_workers.py", line 1488
    temperature = self.config.get('temperature', .)
                                                 ^
SyntaxError: invalid syntax

================================================================================
日志结束
