================================================================================
测试时间: 2026-02-05 20:18:34
函数名: RayPRIMETrainer.filter_and_downsample
测试文件: test_code/test_filter_and_downsample.py
测试框架: unittest
返回码: 1
================================================================================

【STDOUT】
--------------------------------------------------------------------------------
(无输出)

【STDERR】
--------------------------------------------------------------------------------
Traceback (most recent call last):
  File "/Users/paulwu/Desktop/KOCO-bench/KOCO-bench-en/domain_code_generation/verl/test_examples/prime/code/test_code/test_filter_and_downsample.py", line 71, in <module>
    from prime.prime_ray_trainer import RayPRIMETrainer
  File "/Users/paulwu/Desktop/KOCO-bench/KOCO-bench-en/domain_code_generation/verl/test_examples/prime/code/test_code/../recipe/prime/prime_ray_trainer.py", line 578
    min_avg_accuracy = self.config.get('min_avg_accuracy', .)
                                                           ^
SyntaxError: invalid syntax

================================================================================
日志结束
