================================================================================
测试时间: 2026-02-05 20:18:07
函数名: RayPPOTrainer.update_difficulty_and_skip_gid_set
测试文件: test_code/test_update_difficulty.py
测试框架: unittest
返回码: 1
================================================================================

【STDOUT】
--------------------------------------------------------------------------------
(无输出)

【STDERR】
--------------------------------------------------------------------------------
Traceback (most recent call last):
  File "/Users/paulwu/Desktop/KOCO-bench/KOCO-bench-en/domain_code_generation/verl/test_examples/ARES/code/test_code/test_update_difficulty.py", line 14, in <module>
    from verl.trainer.ray_trainer import RayPPOTrainer
  File "/Users/paulwu/Desktop/KOCO-bench/KOCO-bench-en/domain_code_generation/verl/test_examples/ARES/code/test_code/../verl/trainer/ray_trainer.py", line 787
    self.difficulty_dict_train: Dict[int, str] =        self.target_high_entropy_token_num_dict: Dict[str, float] = {'easy': ., 'medium': ., 'hard': .}
                                                                                               ^
SyntaxError: invalid syntax

================================================================================
日志结束
