================================================================================
测试时间: 2026-02-05 20:03:13
函数名: RewardModelForCritic.build_revision_messages
测试文件: test_code/test_build_revision_messages.py
测试框架: unittest
返回码: 1
================================================================================

【STDOUT】
--------------------------------------------------------------------------------
(无输出)

【STDERR】
--------------------------------------------------------------------------------
EEEEEEEEEEE
======================================================================
ERROR: test_build_revision_messages_basic (__main__.TestBuildRevisionMessages.test_build_revision_messages_basic)
Test basic revision message construction functionality
----------------------------------------------------------------------
Traceback (most recent call last):
  File "/Users/paulwu/Desktop/KOCO-bench/KOCO-bench-en/domain_code_generation/verl/test_examples/critic-rl/code/test_code/test_build_revision_messages.py", line 45, in test_build_revision_messages_basic
    result = self.rm.build_revision_messages(init_messages, critique)
             ^^^^^^^^^^^^^^^^^^^^^^^^^^^^^^^
AttributeError: 'RewardModelForCritic' object has no attribute 'build_revision_messages'

======================================================================
ERROR: test_code_sanitization (__main__.TestBuildRevisionMessages.test_code_sanitization)
Test code sanitization functionality - sanitize function extracts markdown code blocks
----------------------------------------------------------------------
Traceback (most recent call last):
  File "/Users/paulwu/Desktop/KOCO-bench/KOCO-bench-en/domain_code_generation/verl/test_examples/critic-rl/code/test_code/test_build_revision_messages.py", line 85, in test_code_sanitization
    result = self.rm.build_revision_messages(init_messages, critique)
             ^^^^^^^^^^^^^^^^^^^^^^^^^^^^^^^
AttributeError: 'RewardModelForCritic' object has no attribute 'build_revision_messages'

======================================================================
ERROR: test_code_sanitization_no_code_block (__main__.TestBuildRevisionMessages.test_code_sanitization_no_code_block)
Test code sanitization - case without code blocks
----------------------------------------------------------------------
Traceback (most recent call last):
  File "/Users/paulwu/Desktop/KOCO-bench/KOCO-bench-en/domain_code_generation/verl/test_examples/critic-rl/code/test_code/test_build_revision_messages.py", line 101, in test_code_sanitization_no_code_block
    result = self.rm.build_revision_messages(init_messages, critique)
             ^^^^^^^^^^^^^^^^^^^^^^^^^^^^^^^
AttributeError: 'RewardModelForCritic' object has no attribute 'build_revision_messages'

======================================================================
ERROR: test_critique_extraction_from_xml (__main__.TestBuildRevisionMessages.test_critique_extraction_from_xml)
Test extracting critique content from XML format
----------------------------------------------------------------------
Traceback (most recent call last):
  File "/Users/paulwu/Desktop/KOCO-bench/KOCO-bench-en/domain_code_generation/verl/test_examples/critic-rl/code/test_code/test_build_revision_messages.py", line 125, in test_critique_extraction_from_xml
    result = self.rm.build_revision_messages(init_messages, critique_with_format)
             ^^^^^^^^^^^^^^^^^^^^^^^^^^^^^^^
AttributeError: 'RewardModelForCritic' object has no attribute 'build_revision_messages'

======================================================================
ERROR: test_critique_extraction_no_format_tags (__main__.TestBuildRevisionMessages.test_critique_extraction_no_format_tags)
测试批评内容没有format标签的情况
----------------------------------------------------------------------
Traceback (most recent call last):
  File "/Users/paulwu/Desktop/KOCO-bench/KOCO-bench-en/domain_code_generation/verl/test_examples/critic-rl/code/test_code/test_build_revision_messages.py", line 149, in test_critique_extraction_no_format_tags
    result = self.rm.build_revision_messages(init_messages, critique_no_format)
             ^^^^^^^^^^^^^^^^^^^^^^^^^^^^^^^
AttributeError: 'RewardModelForCritic' object has no attribute 'build_revision_messages'

======================================================================
ERROR: test_dialogue_structure (__main__.TestBuildRevisionMessages.test_dialogue_structure)
Test complete dialogue structure
----------------------------------------------------------------------
Traceback (most recent call last):
  File "/Users/paulwu/Desktop/KOCO-bench/KOCO-bench-en/domain_code_generation/verl/test_examples/critic-rl/code/test_code/test_build_revision_messages.py", line 182, in test_dialogue_structure
    result = self.rm.build_revision_messages(init_messages, critique)
             ^^^^^^^^^^^^^^^^^^^^^^^^^^^^^^^
AttributeError: 'RewardModelForCritic' object has no attribute 'build_revision_messages'

======================================================================
ERROR: test_input_validation_not_list (__main__.TestBuildRevisionMessages.test_input_validation_not_list)
Test input validation: init_messages is not a list
----------------------------------------------------------------------
Traceback (most recent call last):
  File "/Users/paulwu/Desktop/KOCO-bench/KOCO-bench-en/domain_code_generation/verl/test_examples/critic-rl/code/test_code/test_build_revision_messages.py", line 63, in test_input_validation_not_list
    self.rm.build_revision_messages(init_messages, critique)
    ^^^^^^^^^^^^^^^^^^^^^^^^^^^^^^^
AttributeError: 'RewardModelForCritic' object has no attribute 'build_revision_messages'

======================================================================
ERROR: test_input_validation_wrong_last_role (__main__.TestBuildRevisionMessages.test_input_validation_wrong_last_role)
Test input validation: last message role is not assistant
----------------------------------------------------------------------
Traceback (most recent call last):
  File "/Users/paulwu/Desktop/KOCO-bench/KOCO-bench-en/domain_code_generation/verl/test_examples/critic-rl/code/test_code/test_build_revision_messages.py", line 74, in test_input_validation_wrong_last_role
    self.rm.build_revision_messages(init_messages, critique)
    ^^^^^^^^^^^^^^^^^^^^^^^^^^^^^^^
AttributeError: 'RewardModelForCritic' object has no attribute 'build_revision_messages'

======================================================================
ERROR: test_multiple_code_blocks (__main__.TestBuildRevisionMessages.test_multiple_code_blocks)
Test case with multiple code blocks
----------------------------------------------------------------------
Traceback (most recent call last):
  File "/Users/paulwu/Desktop/KOCO-bench/KOCO-bench-en/domain_code_generation/verl/test_examples/critic-rl/code/test_code/test_build_revision_messages.py", line 207, in test_multiple_code_blocks
    result = self.rm.build_revision_messages(init_messages, critique)
             ^^^^^^^^^^^^^^^^^^^^^^^^^^^^^^^
AttributeError: 'RewardModelForCritic' object has no attribute 'build_revision_messages'

======================================================================
ERROR: test_revision_instruction_included (__main__.TestBuildRevisionMessages.test_revision_instruction_included)
测试修订指令被正确添加
----------------------------------------------------------------------
Traceback (most recent call last):
  File "/Users/paulwu/Desktop/KOCO-bench/KOCO-bench-en/domain_code_generation/verl/test_examples/critic-rl/code/test_code/test_build_revision_messages.py", line 165, in test_revision_instruction_included
    result = self.rm.build_revision_messages(init_messages, critique)
             ^^^^^^^^^^^^^^^^^^^^^^^^^^^^^^^
AttributeError: 'RewardModelForCritic' object has no attribute 'build_revision_messages'

======================================================================
ERROR: test_whitespace_handling (__main__.TestBuildRevisionMessages.test_whitespace_handling)
Test whitespace handling
----------------------------------------------------------------------
Traceback (most recent call last):
  File "/Users/paulwu/Desktop/KOCO-bench/KOCO-bench-en/domain_code_generation/verl/test_examples/critic-rl/code/test_code/test_build_revision_messages.py", line 230, in test_whitespace_handling
    result = self.rm.build_revision_messages(init_messages, critique)
             ^^^^^^^^^^^^^^^^^^^^^^^^^^^^^^^
AttributeError: 'RewardModelForCritic' object has no attribute 'build_revision_messages'

----------------------------------------------------------------------
Ran 11 tests in 0.000s

FAILED (errors=11)

================================================================================
日志结束
